#
# There is insufficient memory for the Java Runtime Environment to continue.
# Native memory allocation (malloc) failed to allocate 1147536 bytes. Error detail: Chunk::new
# Possible reasons:
#   The system is out of physical RAM or swap space
#   This process is running with CompressedOops enabled, and the Java Heap may be blocking the growth of the native heap
# Possible solutions:
#   Reduce memory load on the system
#   Increase physical memory or swap space
#   Check if swap backing store is full
#   Decrease Java heap size (-Xmx/-Xms)
#   Decrease number of Java threads
#   Decrease Java thread stack sizes (-Xss)
#   Set larger code cache with -XX:ReservedCodeCacheSize=
#   JVM is running with Zero Based Compressed Oops mode in which the Java heap is
#     placed in the first 32GB address space. The Java Heap base address is the
#     maximum limit for the native heap growth. Please use -XX:HeapBaseMinAddress
#     to set the Java Heap base and to place the Java Heap above 32GB virtual address.
# This output file may be truncated or incomplete.
#
#  Out of Memory Error (arena.cpp:191), pid=12488, tid=11600
#
# JRE version: OpenJDK Runtime Environment (17.0.11) (build 17.0.11+0--11852314)
# Java VM: OpenJDK 64-Bit Server VM (17.0.11+0--11852314, mixed mode, tiered, compressed oops, compressed class ptrs, g1 gc, windows-amd64)
# No core dump will be written. Minidumps are not enabled by default on client versions of Windows
#

---------------  S U M M A R Y ------------

Command Line: org.jetbrains.kotlin.cli.jvm.K2JVMCompiler @C:\Users\user\cekulit-mobile\app\build\20241207_627031944610861651.compiler.options

Host: Intel(R) Core(TM) i3-8145U CPU @ 2.10GHz, 4 cores, 15G,  Windows 11 , 64 bit Build 26100 (10.0.26100.2161)
Time: Sat Dec  7 23:53:47 2024 SE Asia Standard Time elapsed time: 20.082779 seconds (0d 0h 0m 20s)

---------------  T H R E A D  ---------------

Current thread (0x000002977666f540):  JavaThread "C2 CompilerThread0" daemon [_thread_in_native, id=11600, stack(0x000000ad46200000,0x000000ad46300000)]


Current CompileTask:
C2:  20082 19134       4       org.jetbrains.org.objectweb.asm.tree.analysis.Frame::execute (2125 bytes)

Stack: [0x000000ad46200000,0x000000ad46300000]
Native frames: (J=compiled Java code, j=interpreted, Vv=VM code, C=native code)
V  [jvm.dll+0x687bb9]
V  [jvm.dll+0x84142a]
V  [jvm.dll+0x8430ae]
V  [jvm.dll+0x843713]
V  [jvm.dll+0x24a35f]
V  [jvm.dll+0xac544]
V  [jvm.dll+0xacb8c]
V  [jvm.dll+0x369be2]
V  [jvm.dll+0x1be126]
V  [jvm.dll+0x21c029]
V  [jvm.dll+0x21b311]
V  [jvm.dll+0x1a63ed]
V  [jvm.dll+0x22b1ee]
V  [jvm.dll+0x229375]
V  [jvm.dll+0x7f5647]
V  [jvm.dll+0x7efa4a]
V  [jvm.dll+0x686a35]
C  [ucrtbase.dll+0x14ea0]
C  [KERNEL32.DLL+0x2dbe7]
C  [ntdll.dll+0xdfbec]


---------------  P R O C E S S  ---------------

Threads class SMR info:
_java_thread_list=0x000002977be3ee20, length=13, elements={
0x0000029758418dc0, 0x0000029776617850, 0x000002977661a420, 0x00000297766678f0,
0x00000297766693d0, 0x000002977666beb0, 0x000002977666e890, 0x000002977666f540,
0x000002977668e920, 0x000002977668f230, 0x00000297767fc280, 0x0000029776808b20,
0x000002977d302010
}

Java Threads: ( => current thread )
  0x0000029758418dc0 JavaThread "main" [_thread_in_vm, id=13744, stack(0x000000ad45500000,0x000000ad45600000)]
  0x0000029776617850 JavaThread "Reference Handler" daemon [_thread_blocked, id=8808, stack(0x000000ad45c00000,0x000000ad45d00000)]
  0x000002977661a420 JavaThread "Finalizer" daemon [_thread_blocked, id=9980, stack(0x000000ad45d00000,0x000000ad45e00000)]
  0x00000297766678f0 JavaThread "Signal Dispatcher" daemon [_thread_blocked, id=7044, stack(0x000000ad45e00000,0x000000ad45f00000)]
  0x00000297766693d0 JavaThread "Attach Listener" daemon [_thread_blocked, id=7768, stack(0x000000ad45f00000,0x000000ad46000000)]
  0x000002977666beb0 JavaThread "Service Thread" daemon [_thread_blocked, id=12888, stack(0x000000ad46000000,0x000000ad46100000)]
  0x000002977666e890 JavaThread "Monitor Deflation Thread" daemon [_thread_blocked, id=7264, stack(0x000000ad46100000,0x000000ad46200000)]
=>0x000002977666f540 JavaThread "C2 CompilerThread0" daemon [_thread_in_native, id=11600, stack(0x000000ad46200000,0x000000ad46300000)]
  0x000002977668e920 JavaThread "C1 CompilerThread0" daemon [_thread_blocked, id=3932, stack(0x000000ad46300000,0x000000ad46400000)]
  0x000002977668f230 JavaThread "Sweeper thread" daemon [_thread_blocked, id=10996, stack(0x000000ad46400000,0x000000ad46500000)]
  0x00000297767fc280 JavaThread "Notification Thread" daemon [_thread_blocked, id=8732, stack(0x000000ad46500000,0x000000ad46600000)]
  0x0000029776808b20 JavaThread "Common-Cleaner" daemon [_thread_blocked, id=14156, stack(0x000000ad46700000,0x000000ad46800000)]
  0x000002977d302010 JavaThread "C2 CompilerThread1" daemon [_thread_in_native, id=13036, stack(0x000000ad46800000,0x000000ad46900000)]

Other Threads:
  0x000002977648d180 VMThread "VM Thread" [stack: 0x000000ad45b00000,0x000000ad45c00000] [id=13884]
  0x00000297767fd7a0 WatcherThread [stack: 0x000000ad46600000,0x000000ad46700000] [id=12788]
  0x0000029758484b00 GCTaskThread "GC Thread#0" [stack: 0x000000ad45600000,0x000000ad45700000] [id=13808]
  0x000002977b1fa480 GCTaskThread "GC Thread#1" [stack: 0x000000ad46900000,0x000000ad46a00000] [id=8588]
  0x000002977b1fa740 GCTaskThread "GC Thread#2" [stack: 0x000000ad46a00000,0x000000ad46b00000] [id=12912]
  0x000002977b1faa00 GCTaskThread "GC Thread#3" [stack: 0x000000ad46b00000,0x000000ad46c00000] [id=11544]
  0x0000029758496460 ConcurrentGCThread "G1 Main Marker" [stack: 0x000000ad45700000,0x000000ad45800000] [id=2300]
  0x0000029758496e80 ConcurrentGCThread "G1 Conc#0" [stack: 0x000000ad45800000,0x000000ad45900000] [id=13668]
  0x00000297763344f0 ConcurrentGCThread "G1 Refine#0" [stack: 0x000000ad45900000,0x000000ad45a00000] [id=14196]
  0x000002977e59f660 ConcurrentGCThread "G1 Refine#1" [stack: 0x000000ad46c00000,0x000000ad46d00000] [id=6696]
  0x000002977c1b1ea0 ConcurrentGCThread "G1 Refine#2" [stack: 0x000000ad46d00000,0x000000ad46e00000] [id=13076]
  0x000002977cec8de0 ConcurrentGCThread "G1 Refine#3" [stack: 0x000000ad46e00000,0x000000ad46f00000] [id=13528]
  0x00000297584cbd00 ConcurrentGCThread "G1 Service" [stack: 0x000000ad45a00000,0x000000ad45b00000] [id=7276]

Threads with active compile tasks:
C2 CompilerThread0    20192 19134       4       org.jetbrains.org.objectweb.asm.tree.analysis.Frame::execute (2125 bytes)
C2 CompilerThread1    20192 18916       4       org.jetbrains.kotlin.backend.jvm.mapping.MethodSignatureMapper::mapSignature (587 bytes)

VM state: not at safepoint (normal execution)

VM Mutex/Monitor currently owned by a thread:  ([mutex/lock_event])
[0x000002975626ccd0] Metaspace_lock - owner thread: 0x0000029758418dc0

Heap address: 0x0000000702c00000, size: 4052 MB, Compressed Oops mode: Zero based, Oop shift amount: 3

CDS archive(s) not mapped
Compressed class space mapped at: 0x0000000800000000-0x0000000840000000, reserved size: 1073741824
Narrow klass base: 0x0000000800000000, Narrow klass shift: 0, Narrow klass range: 0x40000000

GC Precious Log:
 CPUs: 4 total, 4 available
 Memory: 16205M
 Large Page Support: Disabled
 NUMA Support: Disabled
 Compressed Oops: Enabled (Zero based)
 Heap Region Size: 2M
 Heap Min Capacity: 8M
 Heap Initial Capacity: 254M
 Heap Max Capacity: 4052M
 Pre-touch: Disabled
 Parallel Workers: 4
 Concurrent Workers: 1
 Concurrent Refinement Workers: 4
 Periodic GC: Disabled

Heap:
 garbage-first heap   total 274432K, used 199022K [0x0000000702c00000, 0x0000000800000000)
  region size 2048K, 45 young (92160K), 2 survivors (4096K)
 Metaspace       used 95084K, committed 95360K, reserved 1179648K
  class space    used 10261K, committed 10432K, reserved 1048576K

Heap Regions: E=young(eden), S=young(survivor), O=old, HS=humongous(starts), HC=humongous(continues), CS=collection set, F=free, OA=open archive, CA=closed archive, TAMS=top-at-mark-start (previous, next)
|   0|0x0000000702c00000, 0x0000000702e00000, 0x0000000702e00000|100%|HS|  |TAMS 0x0000000702e00000, 0x0000000702c00000| Complete 
|   1|0x0000000702e00000, 0x0000000703000000, 0x0000000703000000|100%|HC|  |TAMS 0x0000000703000000, 0x0000000702e00000| Complete 
|   2|0x0000000703000000, 0x00000007031dec00, 0x0000000703200000| 93%| O|  |TAMS 0x00000007031dec00, 0x0000000703000000| Untracked 
|   3|0x0000000703200000, 0x0000000703400000, 0x0000000703400000|100%| O|  |TAMS 0x0000000703400000, 0x0000000703200000| Untracked 
|   4|0x0000000703400000, 0x0000000703600000, 0x0000000703600000|100%| O|  |TAMS 0x0000000703600000, 0x0000000703400000| Untracked 
|   5|0x0000000703600000, 0x0000000703800000, 0x0000000703800000|100%| O|  |TAMS 0x0000000703800000, 0x0000000703600000| Untracked 
|   6|0x0000000703800000, 0x0000000703a00000, 0x0000000703a00000|100%| O|  |TAMS 0x0000000703a00000, 0x0000000703800000| Untracked 
|   7|0x0000000703a00000, 0x0000000703c00000, 0x0000000703c00000|100%|HS|  |TAMS 0x0000000703c00000, 0x0000000703a00000| Complete 
|   8|0x0000000703c00000, 0x0000000703e00000, 0x0000000703e00000|100%| O|  |TAMS 0x0000000703e00000, 0x0000000703c00000| Untracked 
|   9|0x0000000703e00000, 0x0000000704000000, 0x0000000704000000|100%| O|  |TAMS 0x0000000703e00000, 0x0000000703e00000| Untracked 
|  10|0x0000000704000000, 0x0000000704200000, 0x0000000704200000|100%| O|  |TAMS 0x0000000704200000, 0x0000000704000000| Untracked 
|  11|0x0000000704200000, 0x0000000704400000, 0x0000000704400000|100%| O|  |TAMS 0x0000000704400000, 0x0000000704200000| Untracked 
|  12|0x0000000704400000, 0x0000000704600000, 0x0000000704600000|100%| O|  |TAMS 0x0000000704600000, 0x0000000704400000| Untracked 
|  13|0x0000000704600000, 0x0000000704800000, 0x0000000704800000|100%| O|  |TAMS 0x0000000704800000, 0x0000000704600000| Untracked 
|  14|0x0000000704800000, 0x0000000704a00000, 0x0000000704a00000|100%| O|  |TAMS 0x0000000704a00000, 0x0000000704800000| Untracked 
|  15|0x0000000704a00000, 0x0000000704c00000, 0x0000000704c00000|100%| O|  |TAMS 0x0000000704c00000, 0x0000000704a00000| Untracked 
|  16|0x0000000704c00000, 0x0000000704e00000, 0x0000000704e00000|100%| O|  |TAMS 0x0000000704e00000, 0x0000000704c00000| Untracked 
|  17|0x0000000704e00000, 0x0000000705000000, 0x0000000705000000|100%| O|  |TAMS 0x0000000705000000, 0x0000000704e00000| Untracked 
|  18|0x0000000705000000, 0x0000000705200000, 0x0000000705200000|100%| O|  |TAMS 0x0000000705200000, 0x0000000705000000| Untracked 
|  19|0x0000000705200000, 0x0000000705400000, 0x0000000705400000|100%| O|  |TAMS 0x0000000705400000, 0x0000000705200000| Untracked 
|  20|0x0000000705400000, 0x0000000705600000, 0x0000000705600000|100%| O|  |TAMS 0x0000000705600000, 0x0000000705400000| Untracked 
|  21|0x0000000705600000, 0x0000000705800000, 0x0000000705800000|100%| O|  |TAMS 0x0000000705800000, 0x0000000705600000| Untracked 
|  22|0x0000000705800000, 0x0000000705a00000, 0x0000000705a00000|100%| O|  |TAMS 0x0000000705a00000, 0x0000000705800000| Untracked 
|  23|0x0000000705a00000, 0x0000000705c00000, 0x0000000705c00000|100%| O|  |TAMS 0x0000000705c00000, 0x0000000705a00000| Untracked 
|  24|0x0000000705c00000, 0x0000000705e00000, 0x0000000705e00000|100%| O|  |TAMS 0x0000000705e00000, 0x0000000705c00000| Untracked 
|  25|0x0000000705e00000, 0x0000000706000000, 0x0000000706000000|100%| O|  |TAMS 0x0000000706000000, 0x0000000705e00000| Untracked 
|  26|0x0000000706000000, 0x0000000706200000, 0x0000000706200000|100%|HS|  |TAMS 0x0000000706000000, 0x0000000706000000| Complete 
|  27|0x0000000706200000, 0x0000000706400000, 0x0000000706400000|100%| O|  |TAMS 0x0000000706400000, 0x0000000706200000| Untracked 
|  28|0x0000000706400000, 0x0000000706600000, 0x0000000706600000|100%| O|  |TAMS 0x0000000706600000, 0x0000000706400000| Untracked 
|  29|0x0000000706600000, 0x000000070674d600, 0x0000000706800000| 65%| O|  |TAMS 0x000000070674d600, 0x0000000706600000| Untracked 
|  30|0x0000000706800000, 0x0000000706a00000, 0x0000000706a00000|100%| O|  |TAMS 0x0000000706800000, 0x0000000706800000| Untracked 
|  31|0x0000000706a00000, 0x0000000706c00000, 0x0000000706c00000|100%| O|  |TAMS 0x0000000706a00000, 0x0000000706a00000| Untracked 
|  32|0x0000000706c00000, 0x0000000706e00000, 0x0000000706e00000|100%| O|  |TAMS 0x0000000706c00000, 0x0000000706c00000| Untracked 
|  33|0x0000000706e00000, 0x0000000707000000, 0x0000000707000000|100%| O|  |TAMS 0x0000000706e00000, 0x0000000706e00000| Untracked 
|  34|0x0000000707000000, 0x0000000707200000, 0x0000000707200000|100%| O|  |TAMS 0x0000000707000000, 0x0000000707000000| Untracked 
|  35|0x0000000707200000, 0x0000000707400000, 0x0000000707400000|100%| O|  |TAMS 0x0000000707200000, 0x0000000707200000| Untracked 
|  36|0x0000000707400000, 0x0000000707600000, 0x0000000707600000|100%| O|  |TAMS 0x0000000707400000, 0x0000000707400000| Untracked 
|  37|0x0000000707600000, 0x0000000707800000, 0x0000000707800000|100%| O|  |TAMS 0x0000000707600000, 0x0000000707600000| Untracked 
|  38|0x0000000707800000, 0x0000000707a00000, 0x0000000707a00000|100%| O|  |TAMS 0x0000000707800000, 0x0000000707800000| Untracked 
|  39|0x0000000707a00000, 0x0000000707c00000, 0x0000000707c00000|100%| O|  |TAMS 0x0000000707a00000, 0x0000000707a00000| Untracked 
|  40|0x0000000707c00000, 0x0000000707e00000, 0x0000000707e00000|100%| O|  |TAMS 0x0000000707c00000, 0x0000000707c00000| Untracked 
|  41|0x0000000707e00000, 0x0000000708000000, 0x0000000708000000|100%| O|  |TAMS 0x0000000707e00000, 0x0000000707e00000| Untracked 
|  42|0x0000000708000000, 0x0000000708200000, 0x0000000708200000|100%| O|  |TAMS 0x0000000708000000, 0x0000000708000000| Untracked 
|  43|0x0000000708200000, 0x0000000708400000, 0x0000000708400000|100%| O|  |TAMS 0x0000000708200000, 0x0000000708200000| Untracked 
|  44|0x0000000708400000, 0x0000000708600000, 0x0000000708600000|100%| O|  |TAMS 0x0000000708400000, 0x0000000708400000| Untracked 
|  45|0x0000000708600000, 0x0000000708800000, 0x0000000708800000|100%| O|  |TAMS 0x0000000708600000, 0x0000000708600000| Untracked 
|  46|0x0000000708800000, 0x0000000708a00000, 0x0000000708a00000|100%| O|  |TAMS 0x0000000708800000, 0x0000000708800000| Untracked 
|  47|0x0000000708a00000, 0x0000000708c00000, 0x0000000708c00000|100%| O|  |TAMS 0x0000000708a00000, 0x0000000708a00000| Untracked 
|  48|0x0000000708c00000, 0x0000000708e00000, 0x0000000708e00000|100%| O|  |TAMS 0x0000000708c00000, 0x0000000708c00000| Untracked 
|  49|0x0000000708e00000, 0x0000000709000000, 0x0000000709000000|100%| O|  |TAMS 0x0000000708e00000, 0x0000000708e00000| Untracked 
|  50|0x0000000709000000, 0x0000000709200000, 0x0000000709200000|100%| O|  |TAMS 0x0000000709000000, 0x0000000709000000| Untracked 
|  51|0x0000000709200000, 0x0000000709400000, 0x0000000709400000|100%| O|  |TAMS 0x0000000709200000, 0x0000000709200000| Untracked 
|  52|0x0000000709400000, 0x0000000709600000, 0x0000000709600000|100%| O|  |TAMS 0x0000000709400000, 0x0000000709400000| Untracked 
|  53|0x0000000709600000, 0x000000070972f600, 0x0000000709800000| 59%| O|  |TAMS 0x0000000709600000, 0x0000000709600000| Untracked 
|  54|0x0000000709800000, 0x0000000709800000, 0x0000000709a00000|  0%| F|  |TAMS 0x0000000709800000, 0x0000000709800000| Untracked 
|  55|0x0000000709a00000, 0x0000000709a00000, 0x0000000709c00000|  0%| F|  |TAMS 0x0000000709a00000, 0x0000000709a00000| Untracked 
|  56|0x0000000709c00000, 0x0000000709c00000, 0x0000000709e00000|  0%| F|  |TAMS 0x0000000709c00000, 0x0000000709c00000| Untracked 
|  57|0x0000000709e00000, 0x0000000709e00000, 0x000000070a000000|  0%| F|  |TAMS 0x0000000709e00000, 0x0000000709e00000| Untracked 
|  58|0x000000070a000000, 0x000000070a000000, 0x000000070a200000|  0%| F|  |TAMS 0x000000070a000000, 0x000000070a000000| Untracked 
|  59|0x000000070a200000, 0x000000070a200000, 0x000000070a400000|  0%| F|  |TAMS 0x000000070a200000, 0x000000070a200000| Untracked 
|  60|0x000000070a400000, 0x000000070a400000, 0x000000070a600000|  0%| F|  |TAMS 0x000000070a400000, 0x000000070a400000| Untracked 
|  61|0x000000070a600000, 0x000000070a600000, 0x000000070a800000|  0%| F|  |TAMS 0x000000070a600000, 0x000000070a600000| Untracked 
|  62|0x000000070a800000, 0x000000070a800000, 0x000000070aa00000|  0%| F|  |TAMS 0x000000070a800000, 0x000000070a800000| Untracked 
|  63|0x000000070aa00000, 0x000000070aa00000, 0x000000070ac00000|  0%| F|  |TAMS 0x000000070aa00000, 0x000000070aa00000| Untracked 
|  64|0x000000070ac00000, 0x000000070ac00000, 0x000000070ae00000|  0%| F|  |TAMS 0x000000070ac00000, 0x000000070ac00000| Untracked 
|  65|0x000000070ae00000, 0x000000070ae00000, 0x000000070b000000|  0%| F|  |TAMS 0x000000070ae00000, 0x000000070ae00000| Untracked 
|  66|0x000000070b000000, 0x000000070b000000, 0x000000070b200000|  0%| F|  |TAMS 0x000000070b000000, 0x000000070b000000| Untracked 
|  67|0x000000070b200000, 0x000000070b200000, 0x000000070b400000|  0%| F|  |TAMS 0x000000070b200000, 0x000000070b200000| Untracked 
|  68|0x000000070b400000, 0x000000070b400000, 0x000000070b600000|  0%| F|  |TAMS 0x000000070b400000, 0x000000070b400000| Untracked 
|  69|0x000000070b600000, 0x000000070b600000, 0x000000070b800000|  0%| F|  |TAMS 0x000000070b600000, 0x000000070b600000| Untracked 
|  70|0x000000070b800000, 0x000000070b800000, 0x000000070ba00000|  0%| F|  |TAMS 0x000000070b800000, 0x000000070b800000| Untracked 
|  71|0x000000070ba00000, 0x000000070ba00000, 0x000000070bc00000|  0%| F|  |TAMS 0x000000070ba00000, 0x000000070ba00000| Untracked 
|  72|0x000000070bc00000, 0x000000070bc00000, 0x000000070be00000|  0%| F|  |TAMS 0x000000070bc00000, 0x000000070bc00000| Untracked 
|  73|0x000000070be00000, 0x000000070be00000, 0x000000070c000000|  0%| F|  |TAMS 0x000000070be00000, 0x000000070be00000| Untracked 
|  74|0x000000070c000000, 0x000000070c000000, 0x000000070c200000|  0%| F|  |TAMS 0x000000070c000000, 0x000000070c000000| Untracked 
|  75|0x000000070c200000, 0x000000070c200000, 0x000000070c400000|  0%| F|  |TAMS 0x000000070c200000, 0x000000070c200000| Untracked 
|  76|0x000000070c400000, 0x000000070c400000, 0x000000070c600000|  0%| F|  |TAMS 0x000000070c400000, 0x000000070c400000| Untracked 
|  77|0x000000070c600000, 0x000000070c600000, 0x000000070c800000|  0%| F|  |TAMS 0x000000070c600000, 0x000000070c600000| Untracked 
|  78|0x000000070c800000, 0x000000070c800000, 0x000000070ca00000|  0%| F|  |TAMS 0x000000070c800000, 0x000000070c800000| Untracked 
|  79|0x000000070ca00000, 0x000000070cc00000, 0x000000070cc00000|100%| S|CS|TAMS 0x000000070ca00000, 0x000000070ca00000| Complete 
|  80|0x000000070cc00000, 0x000000070ce00000, 0x000000070ce00000|100%| S|CS|TAMS 0x000000070cc00000, 0x000000070cc00000| Complete 
|  81|0x000000070ce00000, 0x000000070ce00000, 0x000000070d000000|  0%| F|  |TAMS 0x000000070ce00000, 0x000000070ce00000| Untracked 
|  82|0x000000070d000000, 0x000000070d000000, 0x000000070d200000|  0%| F|  |TAMS 0x000000070d000000, 0x000000070d000000| Untracked 
|  83|0x000000070d200000, 0x000000070d200000, 0x000000070d400000|  0%| F|  |TAMS 0x000000070d200000, 0x000000070d200000| Untracked 
|  84|0x000000070d400000, 0x000000070d400000, 0x000000070d600000|  0%| F|  |TAMS 0x000000070d400000, 0x000000070d400000| Untracked 
|  85|0x000000070d600000, 0x000000070d600000, 0x000000070d800000|  0%| F|  |TAMS 0x000000070d600000, 0x000000070d600000| Untracked 
|  86|0x000000070d800000, 0x000000070d800000, 0x000000070da00000|  0%| F|  |TAMS 0x000000070d800000, 0x000000070d800000| Untracked 
|  87|0x000000070da00000, 0x000000070da00000, 0x000000070dc00000|  0%| F|  |TAMS 0x000000070da00000, 0x000000070da00000| Untracked 
|  88|0x000000070dc00000, 0x000000070dc00000, 0x000000070de00000|  0%| F|  |TAMS 0x000000070dc00000, 0x000000070dc00000| Untracked 
|  89|0x000000070de00000, 0x000000070de00000, 0x000000070e000000|  0%| F|  |TAMS 0x000000070de00000, 0x000000070de00000| Untracked 
|  90|0x000000070e000000, 0x000000070e000000, 0x000000070e200000|  0%| F|  |TAMS 0x000000070e000000, 0x000000070e000000| Untracked 
|  91|0x000000070e200000, 0x000000070e400000, 0x000000070e400000|100%| E|  |TAMS 0x000000070e200000, 0x000000070e200000| Complete 
|  92|0x000000070e400000, 0x000000070e600000, 0x000000070e600000|100%| E|CS|TAMS 0x000000070e400000, 0x000000070e400000| Complete 
|  93|0x000000070e600000, 0x000000070e800000, 0x000000070e800000|100%| E|CS|TAMS 0x000000070e600000, 0x000000070e600000| Complete 
|  94|0x000000070e800000, 0x000000070ea00000, 0x000000070ea00000|100%| E|CS|TAMS 0x000000070e800000, 0x000000070e800000| Complete 
|  95|0x000000070ea00000, 0x000000070ec00000, 0x000000070ec00000|100%| E|CS|TAMS 0x000000070ea00000, 0x000000070ea00000| Complete 
|  96|0x000000070ec00000, 0x000000070ee00000, 0x000000070ee00000|100%| E|CS|TAMS 0x000000070ec00000, 0x000000070ec00000| Complete 
|  97|0x000000070ee00000, 0x000000070f000000, 0x000000070f000000|100%| E|CS|TAMS 0x000000070ee00000, 0x000000070ee00000| Complete 
|  98|0x000000070f000000, 0x000000070f200000, 0x000000070f200000|100%| E|CS|TAMS 0x000000070f000000, 0x000000070f000000| Complete 
|  99|0x000000070f200000, 0x000000070f400000, 0x000000070f400000|100%| E|CS|TAMS 0x000000070f200000, 0x000000070f200000| Complete 
| 100|0x000000070f400000, 0x000000070f600000, 0x000000070f600000|100%| E|CS|TAMS 0x000000070f400000, 0x000000070f400000| Complete 
| 101|0x000000070f600000, 0x000000070f800000, 0x000000070f800000|100%| E|CS|TAMS 0x000000070f600000, 0x000000070f600000| Complete 
| 102|0x000000070f800000, 0x000000070fa00000, 0x000000070fa00000|100%| E|CS|TAMS 0x000000070f800000, 0x000000070f800000| Complete 
| 103|0x000000070fa00000, 0x000000070fc00000, 0x000000070fc00000|100%| E|CS|TAMS 0x000000070fa00000, 0x000000070fa00000| Complete 
| 104|0x000000070fc00000, 0x000000070fe00000, 0x000000070fe00000|100%| E|CS|TAMS 0x000000070fc00000, 0x000000070fc00000| Complete 
| 105|0x000000070fe00000, 0x0000000710000000, 0x0000000710000000|100%| E|CS|TAMS 0x000000070fe00000, 0x000000070fe00000| Complete 
| 106|0x0000000710000000, 0x0000000710200000, 0x0000000710200000|100%| E|CS|TAMS 0x0000000710000000, 0x0000000710000000| Complete 
| 107|0x0000000710200000, 0x0000000710400000, 0x0000000710400000|100%| E|CS|TAMS 0x0000000710200000, 0x0000000710200000| Complete 
| 108|0x0000000710400000, 0x0000000710600000, 0x0000000710600000|100%| E|CS|TAMS 0x0000000710400000, 0x0000000710400000| Complete 
| 109|0x0000000710600000, 0x0000000710800000, 0x0000000710800000|100%| E|CS|TAMS 0x0000000710600000, 0x0000000710600000| Complete 
| 110|0x0000000710800000, 0x0000000710a00000, 0x0000000710a00000|100%| E|CS|TAMS 0x0000000710800000, 0x0000000710800000| Complete 
| 111|0x0000000710a00000, 0x0000000710c00000, 0x0000000710c00000|100%| E|CS|TAMS 0x0000000710a00000, 0x0000000710a00000| Complete 
| 112|0x0000000710c00000, 0x0000000710e00000, 0x0000000710e00000|100%| E|CS|TAMS 0x0000000710c00000, 0x0000000710c00000| Complete 
| 113|0x0000000710e00000, 0x0000000711000000, 0x0000000711000000|100%| E|CS|TAMS 0x0000000710e00000, 0x0000000710e00000| Complete 
| 114|0x0000000711000000, 0x0000000711200000, 0x0000000711200000|100%| E|CS|TAMS 0x0000000711000000, 0x0000000711000000| Complete 
| 115|0x0000000711200000, 0x0000000711400000, 0x0000000711400000|100%| E|CS|TAMS 0x0000000711200000, 0x0000000711200000| Complete 
| 116|0x0000000711400000, 0x0000000711600000, 0x0000000711600000|100%| E|CS|TAMS 0x0000000711400000, 0x0000000711400000| Complete 
| 117|0x0000000711600000, 0x0000000711800000, 0x0000000711800000|100%| E|CS|TAMS 0x0000000711600000, 0x0000000711600000| Complete 
| 118|0x0000000711800000, 0x0000000711a00000, 0x0000000711a00000|100%| E|CS|TAMS 0x0000000711800000, 0x0000000711800000| Complete 
| 119|0x0000000711a00000, 0x0000000711c00000, 0x0000000711c00000|100%| E|CS|TAMS 0x0000000711a00000, 0x0000000711a00000| Complete 
| 120|0x0000000711c00000, 0x0000000711e00000, 0x0000000711e00000|100%| E|CS|TAMS 0x0000000711c00000, 0x0000000711c00000| Complete 
| 121|0x0000000711e00000, 0x0000000712000000, 0x0000000712000000|100%| E|CS|TAMS 0x0000000711e00000, 0x0000000711e00000| Complete 
| 122|0x0000000712000000, 0x0000000712200000, 0x0000000712200000|100%| E|CS|TAMS 0x0000000712000000, 0x0000000712000000| Complete 
| 123|0x0000000712200000, 0x0000000712400000, 0x0000000712400000|100%| E|CS|TAMS 0x0000000712200000, 0x0000000712200000| Complete 
| 137|0x0000000713e00000, 0x0000000714000000, 0x0000000714000000|100%| E|CS|TAMS 0x0000000713e00000, 0x0000000713e00000| Complete 
| 138|0x0000000714000000, 0x0000000714200000, 0x0000000714200000|100%| E|CS|TAMS 0x0000000714000000, 0x0000000714000000| Complete 
| 139|0x0000000714200000, 0x0000000714400000, 0x0000000714400000|100%| E|CS|TAMS 0x0000000714200000, 0x0000000714200000| Complete 
| 140|0x0000000714400000, 0x0000000714600000, 0x0000000714600000|100%| E|CS|TAMS 0x0000000714400000, 0x0000000714400000| Complete 
| 141|0x0000000714600000, 0x0000000714800000, 0x0000000714800000|100%| E|CS|TAMS 0x0000000714600000, 0x0000000714600000| Complete 
| 142|0x0000000714800000, 0x0000000714a00000, 0x0000000714a00000|100%| E|CS|TAMS 0x0000000714800000, 0x0000000714800000| Complete 
| 143|0x0000000714a00000, 0x0000000714c00000, 0x0000000714c00000|100%| E|CS|TAMS 0x0000000714a00000, 0x0000000714a00000| Complete 
| 144|0x0000000714c00000, 0x0000000714e00000, 0x0000000714e00000|100%| E|CS|TAMS 0x0000000714c00000, 0x0000000714c00000| Complete 
| 145|0x0000000714e00000, 0x0000000715000000, 0x0000000715000000|100%| E|CS|TAMS 0x0000000714e00000, 0x0000000714e00000| Complete 
| 146|0x0000000715000000, 0x0000000715200000, 0x0000000715200000|100%| E|CS|TAMS 0x0000000715000000, 0x0000000715000000| Complete 

Card table byte_map: [0x000002976b0e0000,0x000002976b8d0000] _byte_map_base: 0x00000297678ca000

Marking Bits (Prev, Next): (CMBitMap*) 0x0000029758485160, (CMBitMap*) 0x0000029758485120
 Prev Bits: [0x0000029770010000, 0x0000029773f60000)
 Next Bits: [0x000002976c0c0000, 0x0000029770010000)

Polling page: 0x0000029756370000

Metaspace:

Usage:
  Non-class:     82.83 MB used.
      Class:     10.02 MB used.
       Both:     92.86 MB used.

Virtual space:
  Non-class space:      128.00 MB reserved,      82.94 MB ( 65%) committed,  2 nodes.
      Class space:        1.00 GB reserved,      10.19 MB ( <1%) committed,  1 nodes.
             Both:        1.12 GB reserved,      93.12 MB (  8%) committed. 

Chunk freelists:
   Non-Class:  12.61 MB
       Class:  5.86 MB
        Both:  18.47 MB

MaxMetaspaceSize: unlimited
CompressedClassSpaceSize: 1.00 GB
Initial GC threshold: 21.00 MB
Current GC threshold: 94.19 MB
CDS: off
MetaspaceReclaimPolicy: balanced
 - commit_granule_bytes: 65536.
 - commit_granule_words: 8192.
 - virtual_space_node_default_size: 8388608.
 - enlarge_chunks_in_place: 1.
 - new_chunks_are_fully_committed: 0.
 - uncommit_free_chunks: 1.
 - use_allocation_guard: 0.
 - handle_deallocations: 1.


Internal statistics:

num_allocs_failed_limit: 6.
num_arena_births: 368.
num_arena_deaths: 0.
num_vsnodes_births: 3.
num_vsnodes_deaths: 0.
num_space_committed: 1488.
num_space_uncommitted: 0.
num_chunks_returned_to_freelist: 6.
num_chunks_taken_from_freelist: 3466.
num_chunk_merges: 3.
num_chunk_splits: 2858.
num_chunks_enlarged: 2583.
num_inconsistent_stats: 0.

CodeHeap 'non-profiled nmethods': size=120000Kb used=7660Kb max_used=7943Kb free=112339Kb
 bounds [0x00000297633c0000, 0x0000029763b90000, 0x000002976a8f0000]
CodeHeap 'profiled nmethods': size=120000Kb used=45109Kb max_used=45902Kb free=74890Kb
 bounds [0x000002975b8f0000, 0x000002975e5d0000, 0x0000029762e20000]
CodeHeap 'non-nmethods': size=5760Kb used=1422Kb max_used=1542Kb free=4337Kb
 bounds [0x0000029762e20000, 0x0000029763090000, 0x00000297633c0000]
 total_blobs=16493 nmethods=15746 adapters=655
 compilation: enabled
              stopped_count=0, restarted_count=0
 full_count=0

Compilation events (20 events):
Event: 19.886 Thread 0x000002977668e920 19191       2       org.jetbrains.org.objectweb.asm.MethodWriter::putMethodInfo (1274 bytes)
Event: 19.889 Thread 0x000002977668e920 nmethod 19191 0x000002975d968710 code [0x000002975d968c60, 0x000002975d96a1c8]
Event: 19.910 Thread 0x000002977668e920 19192       1       org.jetbrains.kotlin.codegen.ClassFileFactory::access$300 (5 bytes)
Event: 19.910 Thread 0x000002977668e920 nmethod 19192 0x000002976390d910 code [0x000002976390daa0, 0x000002976390db58]
Event: 19.919 Thread 0x000002977668e920 19193       2       org.jetbrains.org.objectweb.asm.AnnotationWriter::putAnnotations (110 bytes)
Event: 19.919 Thread 0x000002977668e920 nmethod 19193 0x000002975bcf5610 code [0x000002975bcf5800, 0x000002975bcf5b08]
Event: 19.920 Thread 0x000002977668e920 19194       2       org.jetbrains.org.objectweb.asm.Handler::putExceptionTable (63 bytes)
Event: 19.920 Thread 0x000002977668e920 nmethod 19194 0x000002975def9490 code [0x000002975def9680, 0x000002975def9968]
Event: 19.971 Thread 0x000002977668e920 19195       2       jdk.internal.ref.PhantomCleanable::clear (12 bytes)
Event: 19.971 Thread 0x000002977668e920 nmethod 19195 0x000002975c119790 code [0x000002975c119940, 0x000002975c119a98]
Event: 19.984 Thread 0x000002977668e920 19197   !   2       java.util.Collections$SynchronizedMap::get (25 bytes)
Event: 19.984 Thread 0x000002977668e920 nmethod 19197 0x000002975c264c10 code [0x000002975c264dc0, 0x000002975c264fc8]
Event: 19.984 Thread 0x000002977668e920 19198       1       org.jetbrains.kotlin.codegen.ClassFileFactory::access$400 (5 bytes)
Event: 19.984 Thread 0x000002977668e920 nmethod 19198 0x00000297635a5210 code [0x00000297635a53a0, 0x00000297635a5458]
Event: 19.984 Thread 0x000002977668e920 19199       1       org.jetbrains.org.objectweb.asm.SymbolTable::getConstantPoolCount (5 bytes)
Event: 19.984 Thread 0x000002977668e920 nmethod 19199 0x000002976364f890 code [0x000002976364fa20, 0x000002976364faf8]
Event: 20.000 Thread 0x000002977668e920 19200       2       org.jetbrains.org.objectweb.asm.FieldWriter::computeFieldInfoSize (86 bytes)
Event: 20.000 Thread 0x000002977668e920 nmethod 19200 0x000002975d355f10 code [0x000002975d3560e0, 0x000002975d356338]
Event: 20.001 Thread 0x000002977668e920 19201       2       org.jetbrains.org.objectweb.asm.FieldWriter::putFieldInfo (269 bytes)
Event: 20.001 Thread 0x000002977668e920 nmethod 19201 0x000002975b958290 code [0x000002975b9584c0, 0x000002975b958988]

GC Heap History (20 events):
Event: 6.633 GC heap before
{Heap before GC invocations=18 (full 0):
 garbage-first heap   total 100352K, used 75260K [0x0000000702c00000, 0x0000000800000000)
  region size 2048K, 12 young (24576K), 1 survivors (2048K)
 Metaspace       used 57450K, committed 57664K, reserved 1114112K
  class space    used 6742K, committed 6848K, reserved 1048576K
}
Event: 6.643 GC heap after
{Heap after GC invocations=19 (full 0):
 garbage-first heap   total 100352K, used 56893K [0x0000000702c00000, 0x0000000800000000)
  region size 2048K, 2 young (4096K), 2 survivors (4096K)
 Metaspace       used 57450K, committed 57664K, reserved 1114112K
  class space    used 6742K, committed 6848K, reserved 1048576K
}
Event: 6.920 GC heap before
{Heap before GC invocations=20 (full 0):
 garbage-first heap   total 106496K, used 77373K [0x0000000702c00000, 0x0000000800000000)
  region size 2048K, 12 young (24576K), 2 survivors (4096K)
 Metaspace       used 57677K, committed 57856K, reserved 1114112K
  class space    used 6766K, committed 6848K, reserved 1048576K
}
Event: 6.933 GC heap after
{Heap after GC invocations=21 (full 0):
 garbage-first heap   total 106496K, used 60082K [0x0000000702c00000, 0x0000000800000000)
  region size 2048K, 2 young (4096K), 2 survivors (4096K)
 Metaspace       used 57677K, committed 57856K, reserved 1114112K
  class space    used 6766K, committed 6848K, reserved 1048576K
}
Event: 6.937 GC heap before
{Heap before GC invocations=21 (full 0):
 garbage-first heap   total 106496K, used 62130K [0x0000000702c00000, 0x0000000800000000)
  region size 2048K, 3 young (6144K), 2 survivors (4096K)
 Metaspace       used 57677K, committed 57856K, reserved 1114112K
  class space    used 6766K, committed 6848K, reserved 1048576K
}
Event: 6.943 GC heap after
{Heap after GC invocations=22 (full 0):
 garbage-first heap   total 106496K, used 59115K [0x0000000702c00000, 0x0000000800000000)
  region size 2048K, 1 young (2048K), 1 survivors (2048K)
 Metaspace       used 57677K, committed 57856K, reserved 1114112K
  class space    used 6766K, committed 6848K, reserved 1048576K
}
Event: 6.984 GC heap before
{Heap before GC invocations=22 (full 0):
 garbage-first heap   total 106496K, used 79595K [0x0000000702c00000, 0x0000000800000000)
  region size 2048K, 11 young (22528K), 1 survivors (2048K)
 Metaspace       used 57677K, committed 57856K, reserved 1114112K
  class space    used 6766K, committed 6848K, reserved 1048576K
}
Event: 6.986 GC heap after
{Heap after GC invocations=23 (full 0):
 garbage-first heap   total 301056K, used 58615K [0x0000000702c00000, 0x0000000800000000)
  region size 2048K, 1 young (2048K), 1 survivors (2048K)
 Metaspace       used 57677K, committed 57856K, reserved 1114112K
  class space    used 6766K, committed 6848K, reserved 1048576K
}
Event: 11.167 GC heap before
{Heap before GC invocations=24 (full 0):
 garbage-first heap   total 274432K, used 210167K [0x0000000702c00000, 0x0000000800000000)
  region size 2048K, 75 young (153600K), 1 survivors (2048K)
 Metaspace       used 68794K, committed 69120K, reserved 1114112K
  class space    used 7982K, committed 8128K, reserved 1048576K
}
Event: 11.186 GC heap after
{Heap after GC invocations=25 (full 0):
 garbage-first heap   total 274432K, used 73609K [0x0000000702c00000, 0x0000000800000000)
  region size 2048K, 8 young (16384K), 8 survivors (16384K)
 Metaspace       used 68794K, committed 69120K, reserved 1114112K
  class space    used 7982K, committed 8128K, reserved 1048576K
}
Event: 11.241 GC heap before
{Heap before GC invocations=25 (full 0):
 garbage-first heap   total 274432K, used 75657K [0x0000000702c00000, 0x0000000800000000)
  region size 2048K, 9 young (18432K), 8 survivors (16384K)
 Metaspace       used 68841K, committed 69184K, reserved 1114112K
  class space    used 7986K, committed 8128K, reserved 1048576K
}
Event: 11.258 GC heap after
{Heap after GC invocations=26 (full 0):
 garbage-first heap   total 274432K, used 74557K [0x0000000702c00000, 0x0000000800000000)
  region size 2048K, 1 young (2048K), 1 survivors (2048K)
 Metaspace       used 68841K, committed 69184K, reserved 1114112K
  class space    used 7986K, committed 8128K, reserved 1048576K
}
Event: 14.166 GC heap before
{Heap before GC invocations=26 (full 0):
 garbage-first heap   total 274432K, used 191293K [0x0000000702c00000, 0x0000000800000000)
  region size 2048K, 57 young (116736K), 1 survivors (2048K)
 Metaspace       used 76419K, committed 76736K, reserved 1179648K
  class space    used 8667K, committed 8832K, reserved 1048576K
}
Event: 14.181 GC heap after
{Heap after GC invocations=27 (full 0):
 garbage-first heap   total 274432K, used 87898K [0x0000000702c00000, 0x0000000800000000)
  region size 2048K, 7 young (14336K), 7 survivors (14336K)
 Metaspace       used 76419K, committed 76736K, reserved 1179648K
  class space    used 8667K, committed 8832K, reserved 1048576K
}
Event: 16.359 GC heap before
{Heap before GC invocations=27 (full 0):
 garbage-first heap   total 274432K, used 196442K [0x0000000702c00000, 0x0000000800000000)
  region size 2048K, 60 young (122880K), 7 survivors (14336K)
 Metaspace       used 87224K, committed 87552K, reserved 1179648K
  class space    used 9766K, committed 9920K, reserved 1048576K
}
Event: 16.401 GC heap after
{Heap after GC invocations=28 (full 0):
 garbage-first heap   total 274432K, used 102354K [0x0000000702c00000, 0x0000000800000000)
  region size 2048K, 8 young (16384K), 8 survivors (16384K)
 Metaspace       used 87224K, committed 87552K, reserved 1179648K
  class space    used 9766K, committed 9920K, reserved 1048576K
}
Event: 17.234 GC heap before
{Heap before GC invocations=28 (full 0):
 garbage-first heap   total 274432K, used 200658K [0x0000000702c00000, 0x0000000800000000)
  region size 2048K, 56 young (114688K), 8 survivors (16384K)
 Metaspace       used 88215K, committed 88512K, reserved 1179648K
  class space    used 9784K, committed 9920K, reserved 1048576K
}
Event: 17.255 GC heap after
{Heap after GC invocations=29 (full 0):
 garbage-first heap   total 274432K, used 109205K [0x0000000702c00000, 0x0000000800000000)
  region size 2048K, 4 young (8192K), 4 survivors (8192K)
 Metaspace       used 88215K, committed 88512K, reserved 1179648K
  class space    used 9784K, committed 9920K, reserved 1048576K
}
Event: 18.717 GC heap before
{Heap before GC invocations=29 (full 0):
 garbage-first heap   total 274432K, used 209557K [0x0000000702c00000, 0x0000000800000000)
  region size 2048K, 53 young (108544K), 4 survivors (8192K)
 Metaspace       used 94204K, committed 94464K, reserved 1179648K
  class space    used 10237K, committed 10368K, reserved 1048576K
}
Event: 18.732 GC heap after
{Heap after GC invocations=30 (full 0):
 garbage-first heap   total 274432K, used 113006K [0x0000000702c00000, 0x0000000800000000)
  region size 2048K, 2 young (4096K), 2 survivors (4096K)
 Metaspace       used 94204K, committed 94464K, reserved 1179648K
  class space    used 10237K, committed 10368K, reserved 1048576K
}

Dll operation events (2 events):
Event: 0.006 Loaded shared library C:\Program Files\Android\Android Studio\jbr\bin\java.dll
Event: 1.406 Loaded shared library C:\Program Files\Android\Android Studio\jbr\bin\verify.dll

Deoptimization events (20 events):
Event: 19.624 Thread 0x0000029758418dc0 Uncommon trap: trap_request=0xffffffc6 fr.pc=0x0000029763ae2c1c relative=0x000000000000287c
Event: 19.624 Thread 0x0000029758418dc0 Uncommon trap: reason=bimorphic_or_optimized_type_check action=maybe_recompile pc=0x0000029763ae2c1c method=org.jetbrains.org.objectweb.asm.ClassReader.readMethod(Lorg/jetbrains/org/objectweb/asm/ClassVisitor;Lorg/jetbrains/org/objectweb/asm/Context;I)I @
Event: 19.624 Thread 0x0000029758418dc0 DEOPT PACKING pc=0x0000029763ae2c1c sp=0x000000ad455fc800
Event: 19.624 Thread 0x0000029758418dc0 DEOPT UNPACKING pc=0x0000029762e769a3 sp=0x000000ad455fc798 mode 2
Event: 19.624 Thread 0x0000029758418dc0 Uncommon trap: trap_request=0xffffffc6 fr.pc=0x0000029763ae2c1c relative=0x000000000000287c
Event: 19.624 Thread 0x0000029758418dc0 Uncommon trap: reason=bimorphic_or_optimized_type_check action=maybe_recompile pc=0x0000029763ae2c1c method=org.jetbrains.org.objectweb.asm.ClassReader.readMethod(Lorg/jetbrains/org/objectweb/asm/ClassVisitor;Lorg/jetbrains/org/objectweb/asm/Context;I)I @
Event: 19.624 Thread 0x0000029758418dc0 DEOPT PACKING pc=0x0000029763ae2c1c sp=0x000000ad455fc800
Event: 19.624 Thread 0x0000029758418dc0 DEOPT UNPACKING pc=0x0000029762e769a3 sp=0x000000ad455fc798 mode 2
Event: 19.624 Thread 0x0000029758418dc0 Uncommon trap: trap_request=0xffffffc6 fr.pc=0x0000029763ae2c1c relative=0x000000000000287c
Event: 19.624 Thread 0x0000029758418dc0 Uncommon trap: reason=bimorphic_or_optimized_type_check action=maybe_recompile pc=0x0000029763ae2c1c method=org.jetbrains.org.objectweb.asm.ClassReader.readMethod(Lorg/jetbrains/org/objectweb/asm/ClassVisitor;Lorg/jetbrains/org/objectweb/asm/Context;I)I @
Event: 19.624 Thread 0x0000029758418dc0 DEOPT PACKING pc=0x0000029763ae2c1c sp=0x000000ad455fc800
Event: 19.624 Thread 0x0000029758418dc0 DEOPT UNPACKING pc=0x0000029762e769a3 sp=0x000000ad455fc798 mode 2
Event: 19.624 Thread 0x0000029758418dc0 Uncommon trap: trap_request=0xffffffc6 fr.pc=0x0000029763ae2c1c relative=0x000000000000287c
Event: 19.624 Thread 0x0000029758418dc0 Uncommon trap: reason=bimorphic_or_optimized_type_check action=maybe_recompile pc=0x0000029763ae2c1c method=org.jetbrains.org.objectweb.asm.ClassReader.readMethod(Lorg/jetbrains/org/objectweb/asm/ClassVisitor;Lorg/jetbrains/org/objectweb/asm/Context;I)I @
Event: 19.624 Thread 0x0000029758418dc0 DEOPT PACKING pc=0x0000029763ae2c1c sp=0x000000ad455fc800
Event: 19.624 Thread 0x0000029758418dc0 DEOPT UNPACKING pc=0x0000029762e769a3 sp=0x000000ad455fc798 mode 2
Event: 19.798 Thread 0x0000029758418dc0 Uncommon trap: trap_request=0xffffffde fr.pc=0x0000029763af4b5c relative=0x000000000000083c
Event: 19.798 Thread 0x0000029758418dc0 Uncommon trap: reason=class_check action=maybe_recompile pc=0x0000029763af4b5c method=org.jetbrains.org.objectweb.asm.Type.equals(Ljava/lang/Object;)Z @ 8 c2
Event: 19.798 Thread 0x0000029758418dc0 DEOPT PACKING pc=0x0000029763af4b5c sp=0x000000ad455fd530
Event: 19.798 Thread 0x0000029758418dc0 DEOPT UNPACKING pc=0x0000029762e769a3 sp=0x000000ad455fd498 mode 2

Classes unloaded (0 events):
No events

Classes redefined (0 events):
No events

Internal exceptions (20 events):
Event: 4.706 Thread 0x0000029758418dc0 Exception <a 'java/lang/NoSuchMethodError'{0x0000000712852c98}: 'java.lang.Object java.lang.invoke.DirectMethodHandle$Holder.invokeSpecial(java.lang.Object, java.lang.Object, java.lang.Object, java.lang.Object, java.lang.Object, java.lang.Object, java.lang.Object, java.lang.Object, java.lang.Object)'> (0x0000000712852c98) 
thrown [s\src\hotspot\share\interpreter\linkResolver.cpp, line 771]
Event: 4.706 Thread 0x0000029758418dc0 Exception <a 'java/lang/NoSuchMethodError'{0x0000000712857bc8}: 'java.lang.Object java.lang.invoke.Invokers$Holder.linkToTargetMethod(java.lang.Object, java.lang.Object, java.lang.Object, java.lang.Object, java.lang.Object, java.lang.Object, java.lang.Object, java.lang.Object)'> (0x0000000712857bc8) 
thrown [s\src\hotspot\share\interpreter\linkResolver.cpp, line 771]
Event: 5.058 Thread 0x0000029758418dc0 Exception <a 'java/lang/NoSuchMethodError'{0x00000007070c8a98}: 'int java.lang.invoke.DirectMethodHandle$Holder.invokeStaticInit(java.lang.Object, int)'> (0x00000007070c8a98) 
thrown [s\src\hotspot\share\interpreter\linkResolver.cpp, line 771]
Event: 5.106 Thread 0x0000029758418dc0 Exception <a 'java/lang/NoSuchMethodError'{0x0000000706ebf128}: 'java.lang.Object java.lang.invoke.DirectMethodHandle$Holder.newInvokeSpecial(java.lang.Object, int, java.lang.Object, java.lang.Object)'> (0x0000000706ebf128) 
thrown [s\src\hotspot\share\interpreter\linkResolver.cpp, line 771]
Event: 5.227 Thread 0x0000029758418dc0 Exception <a 'java/lang/NoSuchMethodError'{0x0000000706b9d3f8}: 'java.lang.Object java.lang.invoke.DirectMethodHandle$Holder.invokeStaticInit(java.lang.Object, java.lang.Object, java.lang.Object)'> (0x0000000706b9d3f8) 
thrown [s\src\hotspot\share\interpreter\linkResolver.cpp, line 771]
Event: 7.511 Thread 0x0000029758418dc0 Exception <a 'java/lang/NoSuchMethodError'{0x0000000710f60bd8}: 'java.lang.Object java.lang.invoke.DirectMethodHandle$Holder.invokeStatic(java.lang.Object, java.lang.Object, java.lang.Object, java.lang.Object, int)'> (0x0000000710f60bd8) 
thrown [s\src\hotspot\share\interpreter\linkResolver.cpp, line 771]
Event: 7.512 Thread 0x0000029758418dc0 Exception <a 'java/lang/NoSuchMethodError'{0x0000000710f6a8c0}: 'java.lang.Object java.lang.invoke.DirectMethodHandle$Holder.newInvokeSpecial(java.lang.Object, java.lang.Object, java.lang.Object, java.lang.Object, int)'> (0x0000000710f6a8c0) 
thrown [s\src\hotspot\share\interpreter\linkResolver.cpp, line 771]
Event: 7.513 Thread 0x0000029758418dc0 Exception <a 'java/lang/NoSuchMethodError'{0x0000000710f72990}: 'java.lang.Object java.lang.invoke.Invokers$Holder.linkToTargetMethod(java.lang.Object, java.lang.Object, java.lang.Object, int, java.lang.Object)'> (0x0000000710f72990) 
thrown [s\src\hotspot\share\interpreter\linkResolver.cpp, line 771]
Event: 7.569 Thread 0x0000029758418dc0 Exception <a 'java/lang/NoSuchMethodError'{0x0000000710d231c8}: 'void java.lang.invoke.DirectMethodHandle$Holder.invokeInterface(java.lang.Object, java.lang.Object)'> (0x0000000710d231c8) 
thrown [s\src\hotspot\share\interpreter\linkResolver.cpp, line 771]
Event: 7.617 Thread 0x0000029758418dc0 Exception <a 'java/lang/IncompatibleClassChangeError'{0x0000000710a6e610}: Found class java.lang.Object, but interface was expected> (0x0000000710a6e610) 
thrown [s\src\hotspot\share\interpreter\linkResolver.cpp, line 838]
Event: 7.804 Thread 0x0000029758418dc0 Exception <a 'java/lang/NoSuchMethodError'{0x000000071045d440}: 'java.lang.Object java.lang.invoke.DirectMethodHandle$Holder.invokeInterface(java.lang.Object, java.lang.Object, java.lang.Object)'> (0x000000071045d440) 
thrown [s\src\hotspot\share\interpreter\linkResolver.cpp, line 771]
Event: 7.804 Thread 0x0000029758418dc0 Exception <a 'java/lang/IncompatibleClassChangeError'{0x0000000710460db0}: Found class java.lang.Object, but interface was expected> (0x0000000710460db0) 
thrown [s\src\hotspot\share\interpreter\linkResolver.cpp, line 838]
Event: 8.125 Thread 0x0000029758418dc0 Exception <a 'java/lang/NoSuchMethodError'{0x000000070f826e58}: 'java.lang.Object java.lang.invoke.DirectMethodHandle$Holder.invokeStatic(java.lang.Object, int, java.lang.Object)'> (0x000000070f826e58) 
thrown [s\src\hotspot\share\interpreter\linkResolver.cpp, line 771]
Event: 8.171 Thread 0x0000029758418dc0 Exception <a 'java/lang/NoSuchMethodError'{0x000000070f933ab8}: 'java.lang.Object java.lang.invoke.DirectMethodHandle$Holder.newInvokeSpecial(java.lang.Object, java.lang.Object, java.lang.Object, java.lang.Object, java.lang.Object, java.lang.Object, java.lang.Object)'> (0x000000070f933ab8) 
thrown [s\src\hotspot\share\interpreter\linkResolver.cpp, line 771]
Event: 8.171 Thread 0x0000029758418dc0 Exception <a 'java/lang/NoSuchMethodError'{0x000000070f938a30}: 'java.lang.Object java.lang.invoke.Invokers$Holder.linkToTargetMethod(java.lang.Object, java.lang.Object, java.lang.Object, java.lang.Object, java.lang.Object, java.lang.Object, java.lang.Object)'> (0x000000070f938a30) 
thrown [s\src\hotspot\share\interpreter\linkResolver.cpp, line 771]
Event: 11.576 Thread 0x0000029758418dc0 Implicit null exception at 0x0000029763424560 to 0x00000297634245fa
Event: 13.603 Thread 0x0000029758418dc0 Exception <a 'java/lang/NoSuchMethodError'{0x000000070dfebf58}: 'java.lang.Object java.lang.invoke.DirectMethodHandle$Holder.invokeStaticInit(java.lang.Object, java.lang.Object, java.lang.Object, java.lang.Object)'> (0x000000070dfebf58) 
thrown [s\src\hotspot\share\interpreter\linkResolver.cpp, line 771]
Event: 13.994 Thread 0x0000029758418dc0 Exception <a 'java/lang/NoSuchMethodError'{0x000000070c85cc38}: 'java.lang.Object java.lang.invoke.DirectMethodHandle$Holder.invokeSpecial(java.lang.Object, java.lang.Object, int, int, java.lang.Object, java.lang.Object, java.lang.Object, java.lang.Object, java.lang.Object)'> (0x000000070c85cc38) 
thrown [s\src\hotspot\share\interpreter\linkResolver.cpp, line 771]
Event: 14.008 Thread 0x0000029758418dc0 Exception <a 'java/lang/NoSuchMethodError'{0x000000070c8ab6b8}: 'java.lang.Object java.lang.invoke.DirectMethodHandle$Holder.newInvokeSpecial(java.lang.Object, java.lang.Object, java.lang.Object, int, int)'> (0x000000070c8ab6b8) 
thrown [s\src\hotspot\share\interpreter\linkResolver.cpp, line 771]
Event: 14.008 Thread 0x0000029758418dc0 Exception <a 'java/lang/NoSuchMethodError'{0x000000070c8af4f8}: 'java.lang.Object java.lang.invoke.DirectMethodHandle$Holder.invokeSpecial(java.lang.Object, java.lang.Object, java.lang.Object, java.lang.Object, int, int)'> (0x000000070c8af4f8) 
thrown [s\src\hotspot\share\interpreter\linkResolver.cpp, line 771]

VM Operations (20 events):
Event: 18.214 Executing VM operation: ICBufferFull
Event: 18.214 Executing VM operation: ICBufferFull done
Event: 18.408 Executing VM operation: ICBufferFull
Event: 18.408 Executing VM operation: ICBufferFull done
Event: 18.498 Executing VM operation: ICBufferFull
Event: 18.498 Executing VM operation: ICBufferFull done
Event: 18.717 Executing VM operation: G1CollectForAllocation
Event: 18.732 Executing VM operation: G1CollectForAllocation done
Event: 18.906 Executing VM operation: HandshakeAllThreads
Event: 18.906 Executing VM operation: HandshakeAllThreads done
Event: 18.975 Executing VM operation: ICBufferFull
Event: 18.976 Executing VM operation: ICBufferFull done
Event: 19.269 Executing VM operation: ICBufferFull
Event: 19.269 Executing VM operation: ICBufferFull done
Event: 19.550 Executing VM operation: ICBufferFull
Event: 19.550 Executing VM operation: ICBufferFull done
Event: 19.610 Executing VM operation: HandshakeAllThreads
Event: 19.610 Executing VM operation: HandshakeAllThreads done
Event: 19.745 Executing VM operation: HandshakeAllThreads
Event: 19.746 Executing VM operation: HandshakeAllThreads done

Events (20 events):
Event: 19.772 Thread 0x000002977668f230 flushing nmethod 0x000002975dc0b690
Event: 19.772 Thread 0x000002977668f230 flushing nmethod 0x000002975dc0d110
Event: 19.772 Thread 0x000002977668f230 flushing nmethod 0x000002975dc0ec10
Event: 19.772 Thread 0x000002977668f230 flushing nmethod 0x000002975dc50310
Event: 19.772 Thread 0x000002977668f230 flushing nmethod 0x000002975dc5a310
Event: 19.772 Thread 0x000002977668f230 flushing nmethod 0x000002975dc5be90
Event: 19.772 Thread 0x000002977668f230 flushing nmethod 0x000002975dc5c990
Event: 19.772 Thread 0x000002977668f230 flushing nmethod 0x000002975dc6a890
Event: 19.772 Thread 0x000002977668f230 flushing nmethod 0x000002975dc70690
Event: 19.772 Thread 0x000002977668f230 flushing nmethod 0x000002975dc7a510
Event: 19.773 Thread 0x000002977668f230 flushing nmethod 0x000002975dce0e10
Event: 19.773 Thread 0x000002977668f230 flushing nmethod 0x000002975de96290
Event: 19.774 Thread 0x000002977668f230 flushing nmethod 0x000002975dee5710
Event: 19.774 Thread 0x000002977668f230 flushing nmethod 0x000002975def9490
Event: 19.774 Thread 0x000002977668f230 flushing nmethod 0x000002975df24290
Event: 19.774 Thread 0x000002977668f230 flushing nmethod 0x000002975df5c510
Event: 19.774 Thread 0x000002977668f230 flushing nmethod 0x000002975dfefc90
Event: 19.774 Thread 0x000002977668f230 flushing nmethod 0x000002975e008210
Event: 19.819 loading class java/io/FileOutputStream$1
Event: 19.820 loading class java/io/FileOutputStream$1 done


Dynamic libraries:
0x00007ff6d6840000 - 0x00007ff6d684a000 	C:\Program Files\Android\Android Studio\jbr\bin\java.exe
0x00007ff858220000 - 0x00007ff858483000 	C:\WINDOWS\SYSTEM32\ntdll.dll
0x00007ff8575e0000 - 0x00007ff8576a8000 	C:\WINDOWS\System32\KERNEL32.DLL
0x00007ff855610000 - 0x00007ff8559c1000 	C:\WINDOWS\System32\KERNELBASE.dll
0x00007ff8559d0000 - 0x00007ff855b1b000 	C:\WINDOWS\System32\ucrtbase.dll
0x00007ff839b90000 - 0x00007ff839bab000 	C:\Program Files\Android\Android Studio\jbr\bin\VCRUNTIME140.dll
0x00007ff8229f0000 - 0x00007ff822a07000 	C:\Program Files\Android\Android Studio\jbr\bin\jli.dll
0x00007ff857720000 - 0x00007ff8578e8000 	C:\WINDOWS\System32\USER32.dll
0x00007ff855b20000 - 0x00007ff855b47000 	C:\WINDOWS\System32\win32u.dll
0x00007ff834540000 - 0x00007ff8347d0000 	C:\WINDOWS\WinSxS\amd64_microsoft.windows.common-controls_6595b64144ccf1df_6.0.26100.2161_none_3e0cadb0e33078e1\COMCTL32.dll
0x00007ff857280000 - 0x00007ff8572aa000 	C:\WINDOWS\System32\GDI32.dll
0x00007ff855f60000 - 0x00007ff856085000 	C:\WINDOWS\System32\gdi32full.dll
0x00007ff856170000 - 0x00007ff856219000 	C:\WINDOWS\System32\msvcrt.dll
0x00007ff855eb0000 - 0x00007ff855f53000 	C:\WINDOWS\System32\msvcp_win.dll
0x00007ff8576d0000 - 0x00007ff8576ff000 	C:\WINDOWS\System32\IMM32.DLL
0x00007ff839b80000 - 0x00007ff839b8c000 	C:\Program Files\Android\Android Studio\jbr\bin\vcruntime140_1.dll
0x00007ff80fc20000 - 0x00007ff80fcad000 	C:\Program Files\Android\Android Studio\jbr\bin\msvcp140.dll
0x00007fffea090000 - 0x00007fffead13000 	C:\Program Files\Android\Android Studio\jbr\bin\server\jvm.dll
0x00007ff857ec0000 - 0x00007ff857f74000 	C:\WINDOWS\System32\ADVAPI32.dll
0x00007ff856cd0000 - 0x00007ff856d76000 	C:\WINDOWS\System32\sechost.dll
0x00007ff857fe0000 - 0x00007ff8580f6000 	C:\WINDOWS\System32\RPCRT4.dll
0x00007ff8554a0000 - 0x00007ff8554ee000 	C:\WINDOWS\SYSTEM32\POWRPROF.dll
0x00007ff828bf0000 - 0x00007ff828bfa000 	C:\WINDOWS\SYSTEM32\WSOCK32.dll
0x00007ff83bfe0000 - 0x00007ff83c016000 	C:\WINDOWS\SYSTEM32\WINMM.dll
0x00007ff856d80000 - 0x00007ff856df4000 	C:\WINDOWS\System32\WS2_32.dll
0x00007ff841e80000 - 0x00007ff841e8b000 	C:\WINDOWS\SYSTEM32\VERSION.dll
0x00007ff855480000 - 0x00007ff855494000 	C:\WINDOWS\SYSTEM32\UMPDC.dll
0x00007ff854460000 - 0x00007ff85447a000 	C:\WINDOWS\SYSTEM32\kernel.appcore.dll
0x00007ff832630000 - 0x00007ff83263a000 	C:\Program Files\Android\Android Studio\jbr\bin\jimage.dll
0x00007ff852ff0000 - 0x00007ff853231000 	C:\WINDOWS\SYSTEM32\DBGHELP.DLL
0x00007ff856220000 - 0x00007ff85659d000 	C:\WINDOWS\System32\combase.dll
0x00007ff857450000 - 0x00007ff857526000 	C:\WINDOWS\System32\OLEAUT32.dll
0x00007ff8271f0000 - 0x00007ff827229000 	C:\WINDOWS\SYSTEM32\dbgcore.DLL
0x00007ff855e10000 - 0x00007ff855ea9000 	C:\WINDOWS\System32\bcryptPrimitives.dll
0x00007ff827760000 - 0x00007ff827785000 	C:\Program Files\Android\Android Studio\jbr\bin\java.dll
0x00007ff827740000 - 0x00007ff827758000 	C:\Program Files\Android\Android Studio\jbr\bin\zip.dll
0x00007ff8565a0000 - 0x00007ff856c9f000 	C:\WINDOWS\System32\SHELL32.dll
0x00007ff8533d0000 - 0x00007ff853bfd000 	C:\WINDOWS\SYSTEM32\windows.storage.dll
0x00007ff856090000 - 0x00007ff856163000 	C:\WINDOWS\System32\SHCORE.dll
0x00007ff858180000 - 0x00007ff8581dd000 	C:\WINDOWS\System32\shlwapi.dll
0x00007ff855520000 - 0x00007ff85554e000 	C:\WINDOWS\SYSTEM32\profapi.dll
0x00007ff827720000 - 0x00007ff827739000 	C:\Program Files\Android\Android Studio\jbr\bin\net.dll
0x00007ff846980000 - 0x00007ff846aa6000 	C:\WINDOWS\SYSTEM32\WINHTTP.dll
0x00007ff854960000 - 0x00007ff8549c8000 	C:\WINDOWS\system32\mswsock.dll
0x00007ff827700000 - 0x00007ff827716000 	C:\Program Files\Android\Android Studio\jbr\bin\nio.dll
0x00007ff8269a0000 - 0x00007ff8269b0000 	C:\Program Files\Android\Android Studio\jbr\bin\verify.dll

dbghelp: loaded successfully - version: 4.0.5 - missing functions: none
symbol engine: initialized successfully - sym options: 0x614 - pdb path: .;C:\Program Files\Android\Android Studio\jbr\bin;C:\WINDOWS\SYSTEM32;C:\WINDOWS\WinSxS\amd64_microsoft.windows.common-controls_6595b64144ccf1df_6.0.26100.2161_none_3e0cadb0e33078e1;C:\Program Files\Android\Android Studio\jbr\bin\server

VM Arguments:
java_command: org.jetbrains.kotlin.cli.jvm.K2JVMCompiler @C:\Users\user\cekulit-mobile\app\build\20241207_627031944610861651.compiler.options
java_class_path (initial): C:\Users\user\.gradle\caches\modules-2\files-2.1\org.jetbrains.kotlin\kotlin-compiler-embeddable\1.9.0\2c8c3a7402becca891f12739b3e9fd2dc2adbd7a\kotlin-compiler-embeddable-1.9.0.jar;C:\Users\user\.gradle\caches\modules-2\files-2.1\org.jetbrains.kotlin\kotlin-stdlib\1.9.0\8ee15ef0c67dc83d874f412d84378d7f0eb50b63\kotlin-stdlib-1.9.0.jar;C:\Users\user\.gradle\caches\modules-2\files-2.1\org.jetbrains.kotlin\kotlin-script-runtime\1.9.0\4b3102cbbb7e1b58d9d1adf89563f00069ffa7d1\kotlin-script-runtime-1.9.0.jar;C:\Users\user\.gradle\caches\modules-2\files-2.1\org.jetbrains.kotlin\kotlin-reflect\1.6.10\1cbe9c92c12a94eea200d23c2bbaedaf3daf5132\kotlin-reflect-1.6.10.jar;C:\Users\user\.gradle\caches\modules-2\files-2.1\org.jetbrains.kotlin\kotlin-daemon-embeddable\1.9.0\186543f5e28cf8d9a0290fecc2cf34301c40a65c\kotlin-daemon-embeddable-1.9.0.jar;C:\Users\user\.gradle\caches\modules-2\files-2.1\org.jetbrains.intellij.deps\trove4j\1.0.20200330\3afb14d5f9ceb459d724e907a21145e8ff394f02\trove4j-1.0.20200330.jar;C:\Users\user\.gradle\caches\modules-2\files-2.1\org.jetbrains.kotlin\kotlin-stdlib-common\1.9.0\cd65c21cfd1eec4d44ef09f9f52b6d9f8a720636\kotlin-stdlib-common-1.9.0.jar;C:\Users\user\.gradle\caches\modules-2\files-2.1\org.jetbrains\annotations\13.0\919f0dfe192fb4e063e7dacadee7f8bb9a2672a9\annotations-13.0.jar
Launcher Type: SUN_STANDARD

[Global flags]
     intx CICompilerCount                          = 3                                         {product} {ergonomic}
     uint ConcGCThreads                            = 1                                         {product} {ergonomic}
     uint G1ConcRefinementThreads                  = 4                                         {product} {ergonomic}
   size_t G1HeapRegionSize                         = 2097152                                   {product} {ergonomic}
    uintx GCDrainStackTargetSize                   = 64                                        {product} {ergonomic}
   size_t InitialHeapSize                          = 266338304                                 {product} {ergonomic}
   size_t MarkStackSize                            = 4194304                                   {product} {ergonomic}
   size_t MaxHeapSize                              = 4248829952                                {product} {ergonomic}
   size_t MaxNewSize                               = 2548039680                                {product} {ergonomic}
   size_t MinHeapDeltaBytes                        = 2097152                                   {product} {ergonomic}
   size_t MinHeapSize                              = 8388608                                   {product} {ergonomic}
    uintx NonNMethodCodeHeapSize                   = 5832780                                {pd product} {ergonomic}
    uintx NonProfiledCodeHeapSize                  = 122912730                              {pd product} {ergonomic}
    uintx ProfiledCodeHeapSize                     = 122912730                              {pd product} {ergonomic}
    uintx ReservedCodeCacheSize                    = 251658240                              {pd product} {ergonomic}
     bool SegmentedCodeCache                       = true                                      {product} {ergonomic}
   size_t SoftMaxHeapSize                          = 4248829952                             {manageable} {ergonomic}
     bool UseCompressedClassPointers               = true                           {product lp64_product} {ergonomic}
     bool UseCompressedOops                        = true                           {product lp64_product} {ergonomic}
     bool UseG1GC                                  = true                                      {product} {ergonomic}
     bool UseLargePagesIndividualAllocation        = false                                  {pd product} {ergonomic}

Logging:
Log output configuration:
 #0: stdout all=warning uptime,level,tags
 #1: stderr all=off uptime,level,tags

Environment Variables:
JAVA_HOME=C:\Program Files\Java\jdk-23
PATH=C:\Program Files\Common Files\Oracle\Java\javapath;C:\Program Files\Zulu\zulu-8\bin\;C:\Program Files\Python312\Scripts\;C:\Program Files\Python312\;C:\WINDOWS\system32;C:\WINDOWS;C:\WINDOWS\System32\Wbem;C:\WINDOWS\System32\WindowsPowerShell\v1.0\;C:\WINDOWS\System32\OpenSSH\;C:\Program Files\nodejs\;C:\Program Files\Git\cmd;C:\Users\user\AppData\Roaming\Microsoft\Windows\Start Menu\Programs\Python 3.12;C:\Python311;C:\Users\user\AppData\Local\Microsoft\WindowsApps\python3.exe;C:\gradle-8.10.1\bin;C:\Users\user\AppData\Local\Android\Sdk\platform-tools;C:\Program Files\Java\jdk-23\bin;C:\Users\user\AppData\Roaming\Microsoft\Windows\Start Menu\Programs\Python 3.12;C:\Users\user\AppData\Local\Programs\Python\Launcher\;C:\Users\user\AppData\Local\Microsoft\WindowsApps\python3.exe;C:\Users\user\.console-ninja\.bin;C:\Users\user\AppData\Local\Microsoft\WindowsApps;C:\Users\user\AppData\Local\Programs\Microsoft VS Code\bin;C:\Users\user\AppData\Roaming\npm;;C:\Program Files\JetBrains\IntelliJ IDEA Community Edition 2024.2.1\bin;
USERNAME=user
OS=Windows_NT
PROCESSOR_IDENTIFIER=Intel64 Family 6 Model 142 Stepping 12, GenuineIntel
TMP=C:\Users\user\AppData\Local\Temp
TEMP=C:\Users\user\AppData\Local\Temp



Periodic native trim disabled

JNI global refs:
JNI global refs: 10, weak refs: 36

JNI global refs memory usage: 843, weak refs: 841

Process memory usage:
Resident Set Size: 617404K (3% of 16594868K total physical memory with 597484K free physical memory)

OOME stack traces (most recent first):
Classloader memory used:
Loader jdk.internal.loader.ClassLoaders$AppClassLoader                                 : 10455K
Loader bootstrap                                                                       : 1403K
Loader jdk.internal.reflect.DelegatingClassLoader                                      : 24653B
Loader java.net.URLClassLoader                                                         : 2863B


[error occurred during error reporting (Classloader stats), id 0xe0000001, Out of Memory Error (s\src\hotspot\share\memory\arena.cpp:79)]


---------------  S Y S T E M  ---------------

OS:
 Windows 11 , 64 bit Build 26100 (10.0.26100.2161)
OS uptime: 1 days 9:28 hours

CPU: total 4 (initial active 4) (2 cores per cpu, 2 threads per core) family 6 model 142 stepping 12 microcode 0xde, cx8, cmov, fxsr, ht, mmx, 3dnowpref, sse, sse2, sse3, ssse3, sse4.1, sse4.2, popcnt, lzcnt, tsc, tscinvbit, avx, avx2, aes, erms, clmul, bmi1, bmi2, adx, fma, vzeroupper, clflush, clflushopt
Processor Information for all 4 processors :
  Max Mhz: 2304, Current Mhz: 2103, Mhz Limit: 2096

Memory: 4k page, system-wide physical 16205M (583M free)
TotalPageFile size 31372M (AvailPageFile size 2M)
current process WorkingSet (physical memory assigned to process): 604M, peak: 604M
current process commit charge ("private bytes"): 634M, peak: 634M

vm_info: OpenJDK 64-Bit Server VM (17.0.11+0--11852314) for windows-amd64 JRE (17.0.11+0--11852314), built on May 16 2024 21:29:20 by "androidbuild" with MS VC++ 16.10 / 16.11 (VS2019)

END.
